{
  "RSpec": {
    "coverage": {
      "/Users/wilmcc/Documents/Turing/Workspace/Projects/4mod/foodtruck_be/config/environment.rb": {
        "lines": [
          null,
          1,
          null,
          null,
          1
        ]
      },
      "/Users/wilmcc/Documents/Turing/Workspace/Projects/4mod/foodtruck_be/config/application.rb": {
        "lines": [
          1,
          null,
          1,
          null,
          1,
          1,
          1,
          1,
          1,
          1,
          1,
          1,
          null,
          null,
          null,
          null,
          null,
          1,
          null,
          1,
          1,
          null,
          1,
          null,
          null,
          null,
          null,
          null,
          null,
          null,
          null,
          null,
          1,
          null,
          null
        ]
      },
      "/Users/wilmcc/Documents/Turing/Workspace/Projects/4mod/foodtruck_be/config/boot.rb": {
        "lines": [
          1,
          null,
          1,
          1
        ]
      },
      "/Users/wilmcc/Documents/Turing/Workspace/Projects/4mod/foodtruck_be/config/environments/test.rb": {
        "lines": [
          1,
          null,
          null,
          null,
          null,
          null,
          null,
          1,
          null,
          null,
          null,
          null,
          1,
          null,
          null,
          1,
          1,
          null,
          null,
          null,
          null,
          1,
          1,
          null,
          null,
          1,
          null,
          null,
          1,
          null,
          null,
          1,
          null,
          1,
          null,
          null,
          null,
          null,
          1,
          null,
          null,
          1,
          null,
          null,
          null,
          null
        ]
      },
      "/Users/wilmcc/Documents/Turing/Workspace/Projects/4mod/foodtruck_be/config/initializers/application_controller_renderer.rb": {
        "lines": [
          null,
          null,
          null,
          null,
          null,
          null,
          null,
          null
        ]
      },
      "/Users/wilmcc/Documents/Turing/Workspace/Projects/4mod/foodtruck_be/config/initializers/backtrace_silencers.rb": {
        "lines": [
          null,
          null,
          null,
          null,
          null,
          null,
          null
        ]
      },
      "/Users/wilmcc/Documents/Turing/Workspace/Projects/4mod/foodtruck_be/config/initializers/cors.rb": {
        "lines": [
          null,
          null,
          null,
          null,
          null,
          null,
          null,
          null,
          null,
          null,
          null,
          null,
          null,
          null,
          null,
          null
        ]
      },
      "/Users/wilmcc/Documents/Turing/Workspace/Projects/4mod/foodtruck_be/config/initializers/filter_parameter_logging.rb": {
        "lines": [
          null,
          null,
          null,
          1
        ]
      },
      "/Users/wilmcc/Documents/Turing/Workspace/Projects/4mod/foodtruck_be/config/initializers/inflections.rb": {
        "lines": [
          null,
          null,
          null,
          null,
          null,
          null,
          null,
          null,
          null,
          null,
          null,
          null,
          null,
          null,
          null,
          null
        ]
      },
      "/Users/wilmcc/Documents/Turing/Workspace/Projects/4mod/foodtruck_be/config/initializers/mime_types.rb": {
        "lines": [
          null,
          null,
          null,
          null
        ]
      },
      "/Users/wilmcc/Documents/Turing/Workspace/Projects/4mod/foodtruck_be/config/initializers/wrap_parameters.rb": {
        "lines": [
          null,
          null,
          null,
          null,
          null,
          null,
          1,
          1,
          null,
          null,
          null,
          null,
          null,
          null
        ]
      },
      "/Users/wilmcc/Documents/Turing/Workspace/Projects/4mod/foodtruck_be/spec/factories/user.rb": {
        "lines": [
          1,
          1,
          1,
          1,
          1,
          1,
          1,
          1,
          1,
          null,
          null,
          null
        ]
      },
      "/Users/wilmcc/Documents/Turing/Workspace/Projects/4mod/foodtruck_be/config/routes.rb": {
        "lines": [
          1,
          null,
          null,
          1,
          1,
          1,
          1,
          null,
          null,
          null
        ]
      },
      "/Users/wilmcc/Documents/Turing/Workspace/Projects/4mod/foodtruck_be/app/facades/map_facade.rb": {
        "lines": [
          1,
          1,
          null,
          1,
          1,
          1,
          1,
          1,
          null,
          1,
          null,
          null,
          1,
          1,
          null,
          null,
          1,
          1,
          77,
          77,
          77,
          77,
          null,
          null,
          1,
          77,
          null,
          1,
          null,
          null,
          1,
          1,
          96,
          null,
          null,
          null,
          null,
          1,
          1,
          null,
          1,
          77,
          null,
          null,
          null,
          1,
          1,
          96,
          1,
          null,
          95,
          95,
          95,
          95,
          null,
          null,
          null,
          null
        ]
      },
      "/Users/wilmcc/Documents/Turing/Workspace/Projects/4mod/foodtruck_be/app/services/map_service.rb": {
        "lines": [
          1,
          null,
          1,
          1,
          1,
          1,
          null,
          1,
          null,
          1,
          null,
          null,
          1,
          1,
          null,
          null,
          null,
          null
        ]
      },
      "/Users/wilmcc/Documents/Turing/Workspace/Projects/4mod/foodtruck_be/app/services/food_truck_service.rb": {
        "lines": [
          1,
          1,
          1,
          null,
          null,
          1,
          1,
          1,
          null,
          null,
          null,
          null,
          null,
          null,
          null,
          1,
          null,
          1,
          2,
          2,
          2,
          null,
          null,
          null
        ]
      },
      "/Users/wilmcc/Documents/Turing/Workspace/Projects/4mod/foodtruck_be/app/poros/region.rb": {
        "lines": [
          1,
          1,
          null,
          null,
          null,
          null,
          null,
          1,
          77,
          77,
          77,
          77,
          77,
          null,
          null,
          1,
          77,
          null,
          null
        ]
      },
      "/Users/wilmcc/Documents/Turing/Workspace/Projects/4mod/foodtruck_be/app/services/distance_service.rb": {
        "lines": [
          1,
          null,
          1,
          172,
          172,
          172,
          172,
          172,
          null,
          null,
          172,
          172,
          7,
          null,
          165,
          165,
          null,
          null,
          null,
          1,
          null,
          1,
          172,
          172,
          172,
          null,
          null,
          null,
          1,
          172,
          null,
          null
        ]
      },
      "/Users/wilmcc/Documents/Turing/Workspace/Projects/4mod/foodtruck_be/app/poros/truck_lite.rb": {
        "lines": [
          1,
          1,
          null,
          null,
          null,
          null,
          null,
          1,
          96,
          96,
          96,
          96,
          96,
          96,
          null,
          null,
          1,
          96,
          null,
          null,
          1,
          96,
          35,
          null,
          61,
          null,
          null,
          null,
          1,
          96,
          95,
          null,
          1,
          null,
          null,
          null,
          1,
          96,
          95,
          null,
          1,
          null,
          null,
          null
        ]
      }
    },
    "timestamp": 1621293516
  }
}
